<?xml version="1.0" encoding="UTF-8"?>
<!-- Generated by org.testng.reporters.JUnitReportReporter -->
<testsuite skipped="0" hostname="DESKTOP-BPNON4T" name="TestRunner.PodPointRunner" tests="1" failures="0" timestamp="15 Nov 2020 12:00:58 GMT" time="21.337" errors="0">
  <testcase name="feature" time="21.337" classname="TestRunner.PodPointRunner"/>
</testsuite> <!-- TestRunner.PodPointRunner -->
