<?xml version="1.0" encoding="UTF-8"?>
<!-- Generated by org.testng.reporters.JUnitReportReporter -->
<testsuite hostname="DESKTOP-BPNON4T" failures="0" tests="1" name="TestRunner.PodPointRunner" time="23.877" errors="0" timestamp="16 Nov 2020 14:28:35 GMT" skipped="0">
  <testcase classname="TestRunner.PodPointRunner" name="feature" time="23.877"/>
</testsuite> <!-- TestRunner.PodPointRunner -->
