<?xml version="1.0" encoding="UTF-8"?>
<!-- Generated by org.testng.reporters.JUnitReportReporter -->
<testsuite hostname="DESKTOP-BPNON4T" failures="0" tests="1" name="TestRunner.PodPointRunner" time="22.255" errors="0" timestamp="15 Nov 2020 12:46:17 GMT" skipped="0">
  <testcase classname="TestRunner.PodPointRunner" name="feature" time="22.255"/>
</testsuite> <!-- TestRunner.PodPointRunner -->
